#
# A fatal error has been detected by the Java Runtime Environment:
#
#  EXCEPTION_ACCESS_VIOLATION (0xc0000005) at pc=0x00000000040fc058, pid=15716, tid=0x00000000000054a0
#
# JRE version: OpenJDK Runtime Environment (8.0_242-b01) (build 1.8.0_242-release-1644-b01)
# Java VM: OpenJDK 64-Bit Server VM (25.242-b01 mixed mode windows-amd64 compressed oops)
# Problematic frame:
# C  0x00000000040fc058
#
# Failed to write core dump. Minidumps are not enabled by default on client versions of Windows
#
# If you would like to submit a bug report, please visit:
#   
#

---------------  T H R E A D  ---------------

Current thread (0x000000000211d000):  GCTaskThread [stack: 0x00000000032e0000,0x00000000033e0000] [id=21664]

siginfo: ExceptionCode=0xc0000005, ExceptionInformation=0x0000000000000008 0x00000000040fc058

Registers:
RAX=0x00000000040fa358, RBX=0x00000000ef76c2d8, RCX=0x000000001ab5b458, RDX=0x0000000005b700c0
RSP=0x00000000033df268, RBP=0x0000000000802182, RSI=0x0000000005b700c0, RDI=0x00000000f2b9ee70
R8 =0x00000000f2b9ee70, R9 =0x000000001ab5b458, R10=0x00000000ef7700c0, R11=0x00000000f2b9ee70
R12=0x0000000002b10917, R13=0x0000000000000001, R14=0x0000000000000000, R15=0x00000000021160f0
RIP=0x00000000040fc058, EFLAGS=0x0000000000010203

Top of Stack: (sp=0x00000000033df268)
0x00000000033df268:   00000000076c2a31 0000000000000009
0x00000000033df278:   0000000000802182 0000000005b700c0
0x00000000033df288:   00000000fa979c78 00000000f2b6ee70
0x00000000033df298:   0000000000001000 0000000005b700c0
0x00000000033df2a8:   00000000073de3a3 0000000000000000
0x00000000033df2b8:   0000000005b70000 0000000002b10917
0x00000000033df2c8:   00000000076c2b20 00000000f2b753b4
0x00000000033df2d8:   0000000002b10981 0000000005b700c0
0x00000000033df2e8:   0000000080123a70 00000000f2b753b4
0x00000000033df2f8:   00000000076c36c5 00000000ee863d48
0x00000000033df308:   0000000002b10981 0000000005b700c0
0x00000000033df318:   0000000000000005 0000000005b700c0
0x00000000033df328:   00000000073b785a 00000000800abc1c
0x00000000033df338:   00000000073dfdb0 00000000800abc2d
0x00000000033df348:   00000000800abc2d 00000000800a79e1
0x00000000033df358:   00000000800a79e1 00000000801238a4 

Instructions: (pc=0x00000000040fc058)
0x00000000040fc038:   20 00 3a 04 2d 2c b5 20 00 2a 2d b6 29 00 19 04
0x00000000040fc048:   b0 01 b0 ff 00 fa 1e 71 31 29 29 1a 00 00 d1 00
0x00000000040fc058:   48 fe 8b 07 00 00 00 00 f8 bf 0f 04 00 00 00 00
0x00000000040fc068:   00 00 00 00 00 00 00 00 00 00 00 00 00 00 00 00 


Register to memory mapping:

RAX=0x00000000040fa358 is pointing into metadata
RBX=0x00000000ef76c2d8 is an oop

[error occurred during error reporting (printing register info), id 0xc0000005]

Stack: [0x00000000032e0000,0x00000000033e0000],  sp=0x00000000033df268,  free space=1020k
Native frames: (J=compiled Java code, j=interpreted, Vv=VM code, C=native code)
C  0x00000000040fc058


---------------  P R O C E S S  ---------------

Java Threads: ( => current thread )
  0x000000005b9c2800 JavaThread "Cache worker for execution history cache (D:\My Documents\Homer's Documents\Android Dev\MyTicTacToe\.gradle\6.1.1\executionHistory)" [_thread_blocked, id=18660, stack(0x000000006c130000,0x000000006c230000)]
  0x000000005b9c5800 JavaThread "Execution worker for ':' Thread 7" [_thread_blocked, id=16540, stack(0x000000006c030000,0x000000006c130000)]
  0x000000005d1db800 JavaThread "Execution worker for ':' Thread 6" [_thread_blocked, id=22096, stack(0x000000006be50000,0x000000006bf50000)]
  0x000000005d1d4000 JavaThread "Execution worker for ':' Thread 5" [_thread_blocked, id=14020, stack(0x000000006bd30000,0x000000006be30000)]
  0x000000005d1d4800 JavaThread "Execution worker for ':' Thread 4" [_thread_blocked, id=17788, stack(0x000000006bb20000,0x000000006bc20000)]
  0x000000005d1df000 JavaThread "Execution worker for ':' Thread 3" [_thread_blocked, id=22484, stack(0x0000000069a50000,0x0000000069b50000)]
  0x000000005d1d6000 JavaThread "Execution worker for ':' Thread 2" [_thread_blocked, id=5744, stack(0x000000006b7b0000,0x000000006b8b0000)]
  0x000000005d1e0800 JavaThread "Execution worker for ':'" [_thread_blocked, id=6016, stack(0x000000006b8e0000,0x000000006b9e0000)]
  0x000000005d1d5800 JavaThread "Cache worker for file content cache (D:\My Documents\Homer's Documents\Android Dev\MyTicTacToe\.gradle\6.1.1\fileContent)" [_thread_blocked, id=21764, stack(0x000000006b660000,0x000000006b760000)]
  0x000000005d1de800 JavaThread "Cache worker for Build Output Cleanup Cache (D:\My Documents\Homer's Documents\Android Dev\MyTicTacToe\.gradle\buildOutputCleanup)" [_thread_blocked, id=14116, stack(0x0000000068190000,0x0000000068290000)]
  0x000000005d1e0000 JavaThread "pool-49-thread-1" [_thread_blocked, id=15936, stack(0x000000006b560000,0x000000006b660000)]
  0x000000005d1d7800 JavaThread "Build operations Thread 8" [_thread_blocked, id=15300, stack(0x0000000069f20000,0x000000006a020000)]
  0x000000005d1dd000 JavaThread "Build operations Thread 7" [_thread_blocked, id=18044, stack(0x0000000069950000,0x0000000069a50000)]
  0x000000005b8d7000 JavaThread "Build operations Thread 6" [_thread_blocked, id=15812, stack(0x0000000068d20000,0x0000000068e20000)]
  0x000000005b8db800 JavaThread "Build operations Thread 5" [_thread_blocked, id=18540, stack(0x000000005e720000,0x000000005e820000)]
  0x000000005b8d7800 JavaThread "Build operations Thread 4" [_thread_blocked, id=22000, stack(0x00000000693e0000,0x00000000694e0000)]
  0x000000005b8d2800 JavaThread "Build operations Thread 3" [_thread_blocked, id=22164, stack(0x0000000064da0000,0x0000000064ea0000)]
  0x000000005b8dc000 JavaThread "Build operations Thread 2" [_thread_blocked, id=2708, stack(0x0000000069070000,0x0000000069170000)]
  0x000000005b8dd000 JavaThread "Build operations" [_thread_blocked, id=19552, stack(0x0000000067980000,0x0000000067a80000)]
  0x000000005b8df000 JavaThread "Cache worker for cache directory md-rule (C:\Users\User\.gradle\caches\6.1.1\md-rule)" [_thread_blocked, id=22436, stack(0x00000000683a0000,0x00000000684a0000)]
  0x000000005b8d3000 JavaThread "Cache worker for cache directory md-supplier (C:\Users\User\.gradle\caches\6.1.1\md-supplier)" [_thread_blocked, id=21648, stack(0x0000000067f00000,0x0000000068000000)]
  0x000000005b8d6000 JavaThread "Cache worker for file hash cache (D:\My Documents\Homer's Documents\Android Dev\MyTicTacToe\.gradle\6.1.1\fileHashes)" [_thread_blocked, id=20004, stack(0x0000000064a50000,0x0000000064b50000)]
  0x000000005b8de800 JavaThread "Cache worker for checksums cache (D:\My Documents\Homer's Documents\Android Dev\MyTicTacToe\.gradle\checksums)" [_thread_blocked, id=20516, stack(0x0000000064910000,0x0000000064a10000)]
  0x000000005b8d1800 JavaThread "Thread-678" [_thread_blocked, id=22196, stack(0x0000000061dc0000,0x0000000061ec0000)]
  0x000000005b8d0000 JavaThread "Stdin handler" [_thread_blocked, id=21704, stack(0x0000000064090000,0x0000000064190000)]
  0x000000005be2b800 JavaThread "Asynchronous log dispatcher for DefaultDaemonConnection: socket connection from /127.0.0.1:52266 to /127.0.0.1:49378" [_thread_blocked, id=16476, stack(0x0000000064510000,0x0000000064610000)]
  0x000000005be2a800 JavaThread "Cancel handler" [_thread_blocked, id=13884, stack(0x000000005e830000,0x000000005e930000)]
  0x000000005be2d000 JavaThread "Handler for socket connection from /127.0.0.1:52266 to /127.0.0.1:49378" [_thread_in_native, id=21592, stack(0x000000005e3a0000,0x000000005e4a0000)]
  0x000000005be2c000 JavaThread "ForkJoinPool.commonPool-worker-0" daemon [_thread_blocked, id=13880, stack(0x00000000755b0000,0x00000000756b0000)]
  0x000000005d1dc000 JavaThread "Daemon worker Thread 11" [_thread_blocked, id=18560, stack(0x000000005ed10000,0x000000005ee10000)]
  0x000000005d1dd800 JavaThread "Daemon Thread 11" [_thread_blocked, id=18612, stack(0x000000005df40000,0x000000005e040000)]
  0x000000005ff8e800 JavaThread "Cache worker for Java compile cache (C:\Users\User\.gradle\caches\6.1.1\javaCompile)" [_thread_blocked, id=17924, stack(0x0000000069de0000,0x0000000069ee0000)]
  0x000000005b8da000 JavaThread "Cache worker for file content cache (C:\Users\User\.gradle\caches\6.1.1\fileContent)" [_thread_blocked, id=16468, stack(0x0000000068290000,0x0000000068390000)]
  0x000000005b8da800 JavaThread "Memory manager" [_thread_blocked, id=20900, stack(0x0000000064400000,0x0000000064500000)]
  0x000000005d1d7000 JavaThread "Cache worker for execution history cache (C:\Users\User\.gradle\caches\6.1.1\executionHistory)" [_thread_blocked, id=7240, stack(0x0000000061fa0000,0x00000000620a0000)]
  0x000000005d1d3000 JavaThread "Cache worker for file hash cache (C:\Users\User\.gradle\caches\6.1.1\fileHashes)" [_thread_blocked, id=21528, stack(0x000000005f140000,0x000000005f240000)]
  0x000000005d1d2800 JavaThread "File lock request listener" [_thread_in_native, id=17500, stack(0x000000005f450000,0x000000005f550000)]
  0x000000005d11a000 JavaThread "Cache worker for journal cache (C:\Users\User\.gradle\caches\journal-1)" [_thread_blocked, id=21568, stack(0x000000005f260000,0x000000005f360000)]
  0x000000005d081800 JavaThread "Daemon periodic checks" [_thread_blocked, id=20300, stack(0x000000005e190000,0x000000005e290000)]
  0x000000005d056800 JavaThread "Incoming local TCP Connector on port 52266" [_thread_in_native, id=18572, stack(0x000000005ca70000,0x000000005cb70000)]
  0x000000005cf5a800 JavaThread "Daemon health stats" [_thread_blocked, id=22228, stack(0x000000005dc40000,0x000000005dd40000)]
  0x0000000005c70000 JavaThread "Service Thread" daemon [_thread_blocked, id=20764, stack(0x000000005afe0000,0x000000005b0e0000)]
  0x0000000005bf2800 JavaThread "C1 CompilerThread3" daemon [_thread_blocked, id=11580, stack(0x000000005ae00000,0x000000005af00000)]
  0x0000000005bec000 JavaThread "C2 CompilerThread2" daemon [_thread_blocked, id=6872, stack(0x000000005acb0000,0x000000005adb0000)]
  0x0000000005be2000 JavaThread "C2 CompilerThread1" daemon [_thread_blocked, id=20164, stack(0x00000000071b0000,0x00000000072b0000)]
  0x0000000005bce000 JavaThread "C2 CompilerThread0" daemon [_thread_blocked, id=10012, stack(0x00000000070a0000,0x00000000071a0000)]
  0x0000000005bc8800 JavaThread "Attach Listener" daemon [_thread_blocked, id=21180, stack(0x000000005ab50000,0x000000005ac50000)]
  0x0000000005bc7000 JavaThread "Signal Dispatcher" daemon [_thread_blocked, id=20176, stack(0x0000000006c40000,0x0000000006d40000)]
  0x00000000049fd800 JavaThread "Finalizer" daemon [_thread_blocked, id=14840, stack(0x0000000006f30000,0x0000000007030000)]
  0x00000000049f5800 JavaThread "Reference Handler" daemon [_thread_blocked, id=16320, stack(0x0000000006d80000,0x0000000006e80000)]
  0x000000000046f000 JavaThread "main" [_thread_blocked, id=16440, stack(0x0000000002380000,0x0000000002480000)]

Other Threads:
  0x0000000005b72800 VMThread [stack: 0x0000000006b10000,0x0000000006c10000] [id=22052]
  0x0000000005c74800 WatcherThread [stack: 0x000000005b170000,0x000000005b270000] [id=2164]

=>0x000000000211d000 (exited) GCTaskThread [stack: 0x00000000032e0000,0x00000000033e0000] [id=21664]

VM state:at safepoint (normal execution)

VM Mutex/Monitor currently owned by a thread:  ([mutex/lock_event])
[0x000000000046ce10] Threads_lock - owner thread: 0x0000000005b72800
[0x000000000046d310] Heap_lock - owner thread: 0x000000005d1db800

heap address: 0x0000000080000000, size: 2048 MB, Compressed Oops mode: 32-bit
Narrow klass base: 0x0000000000000000, Narrow klass shift: 0
Compressed class space size: 1073741824 Address: 0x000000001ab40000

Heap:
 PSYoungGen      total 584704K, used 541467K [0x00000000d5580000, 0x0000000100000000, 0x0000000100000000)
  eden space 473600K, 100% used [0x00000000d5580000,0x00000000f2400000,0x00000000f2400000)
  from space 111104K, 61% used [0x00000000f9380000,0x00000000fd5c6c30,0x0000000100000000)
  to   space 112640K, 99% used [0x00000000f2400000,0x00000000f91fd2f8,0x00000000f9200000)
 ParOldGen       total 406016K, used 107315K [0x0000000080000000, 0x0000000098c80000, 0x00000000d5580000)
  object space 406016K, 26% used [0x0000000080000000,0x00000000868cce08,0x0000000098c80000)
 Metaspace       used 172112K, capacity 181674K, committed 183976K, reserved 1210368K
  class space    used 21237K, capacity 23035K, committed 23720K, reserved 1048576K

Card table byte_map: [0x0000000002b10000,0x0000000002f20000] byte_map_base: 0x0000000002710000

Marking Bits: (ParMarkBitMap*) 0x0000000007abf030
 Begin Bits: [0x0000000016b40000, 0x0000000018b40000)
 End Bits:   [0x0000000018b40000, 0x000000001ab40000)

Polling page: 0x0000000000140000

CodeCache: size=245760Kb used=89204Kb max_used=89216Kb free=156555Kb
 bounds [0x0000000007b40000, 0x000000000d2e0000, 0x0000000016b40000]
 total_blobs=25137 nmethods=24166 adapters=883
 compilation: enabled

Compilation events (10 events):
Event: 8261.380 Thread 0x0000000005bf2800 32006       3       org.gradle.internal.work.StopShieldingWorkerLeaseService::withoutProjectLock (11 bytes)
Event: 8261.380 Thread 0x0000000005bf2800 nmethod 32006 0x000000000d2bf290 code [0x000000000d2bf400, 0x000000000d2bf628]
Event: 8261.388 Thread 0x0000000005be2000 nmethod 32003 0x000000000d2bbd50 code [0x000000000d2bbf40, 0x000000000d2bc6d8]
Event: 8261.393 Thread 0x0000000005bec000 32007       4       org.gradle.cache.internal.CrossProcessSynchronizingCache::put (23 bytes)
Event: 8261.395 Thread 0x0000000005bec000 nmethod 32007 0x000000000d2dab10 code [0x000000000d2dac80, 0x000000000d2dadb8]
Event: 8261.405 Thread 0x0000000005bce000 32008   !   4       sun.reflect.GeneratedMethodAccessor46::invoke (66 bytes)
Event: 8261.405 Thread 0x0000000005be2000 32009       4       org.gradle.api.internal.AbstractTask::toString (43 bytes)
Event: 8261.406 Thread 0x0000000005bce000 nmethod 32008 0x000000000d2bb8d0 code [0x000000000d2bba20, 0x000000000d2bbb68]
Event: 8261.413 Thread 0x0000000005bec000 32010       4       com.google.common.collect.Iterators$ConcatenatedIterator::next (33 bytes)
Event: 8261.419 Thread 0x0000000005bec000 nmethod 32010 0x0000000009550e50 code [0x0000000009550fe0, 0x00000000095513b8]

GC Heap History (10 events):
Event: 7949.934 GC heap after
Heap after GC invocations=23 (full 4):
 PSYoungGen      total 523264K, used 39011K [0x00000000d5580000, 0x00000000fe300000, 0x0000000100000000)
  eden space 483840K, 0% used [0x00000000d5580000,0x00000000d5580000,0x00000000f2e00000)
  from space 39424K, 98% used [0x00000000f3f00000,0x00000000f6518d58,0x00000000f6580000)
  to   space 92672K, 0% used [0x00000000f8880000,0x00000000f8880000,0x00000000fe300000)
 ParOldGen       total 296960K, used 138498K [0x0000000080000000, 0x0000000092200000, 0x00000000d5580000)
  object space 296960K, 46% used [0x0000000080000000,0x0000000088740af0,0x0000000092200000)
 Metaspace       used 152596K, capacity 164242K, committed 164336K, reserved 1191936K
  class space    used 19429K, capacity 21620K, committed 21672K, reserved 1048576K
}
Event: 7949.934 GC heap before
{Heap before GC invocations=24 (full 5):
 PSYoungGen      total 523264K, used 39011K [0x00000000d5580000, 0x00000000fe300000, 0x0000000100000000)
  eden space 483840K, 0% used [0x00000000d5580000,0x00000000d5580000,0x00000000f2e00000)
  from space 39424K, 98% used [0x00000000f3f00000,0x00000000f6518d58,0x00000000f6580000)
  to   space 92672K, 0% used [0x00000000f8880000,0x00000000f8880000,0x00000000fe300000)
 ParOldGen       total 296960K, used 138498K [0x0000000080000000, 0x0000000092200000, 0x00000000d5580000)
  object space 296960K, 46% used [0x0000000080000000,0x0000000088740af0,0x0000000092200000)
 Metaspace       used 152596K, capacity 164242K, committed 164336K, reserved 1191936K
  class space    used 19429K, capacity 21620K, committed 21672K, reserved 1048576K
Event: 7950.199 GC heap after
Heap after GC invocations=24 (full 5):
 PSYoungGen      total 523264K, used 0K [0x00000000d5580000, 0x00000000fe300000, 0x0000000100000000)
  eden space 483840K, 0% used [0x00000000d5580000,0x00000000d5580000,0x00000000f2e00000)
  from space 39424K, 0% used [0x00000000f3f00000,0x00000000f3f00000,0x00000000f6580000)
  to   space 92672K, 0% used [0x00000000f8880000,0x00000000f8880000,0x00000000fe300000)
 ParOldGen       total 406016K, used 83842K [0x0000000080000000, 0x0000000098c80000, 0x00000000d5580000)
  object space 406016K, 20% used [0x0000000080000000,0x00000000851e0950,0x0000000098c80000)
 Metaspace       used 145828K, capacity 154198K, committed 164336K, reserved 1191936K
  class space    used 18252K, capacity 19829K, committed 21672K, reserved 1048576K
}
Event: 8052.673 GC heap before
{Heap before GC invocations=25 (full 5):
 PSYoungGen      total 523264K, used 483840K [0x00000000d5580000, 0x00000000fe300000, 0x0000000100000000)
  eden space 483840K, 100% used [0x00000000d5580000,0x00000000f2e00000,0x00000000f2e00000)
  from space 39424K, 0% used [0x00000000f3f00000,0x00000000f3f00000,0x00000000f6580000)
  to   space 92672K, 0% used [0x00000000f8880000,0x00000000f8880000,0x00000000fe300000)
 ParOldGen       total 406016K, used 83842K [0x0000000080000000, 0x0000000098c80000, 0x00000000d5580000)
  object space 406016K, 20% used [0x0000000080000000,0x00000000851e0950,0x0000000098c80000)
 Metaspace       used 158134K, capacity 166772K, committed 170408K, reserved 1198080K
  class space    used 19661K, capacity 21312K, committed 22184K, reserved 1048576K
Event: 8052.735 GC heap after
Heap after GC invocations=25 (full 5):
 PSYoungGen      total 557056K, used 92643K [0x00000000d5580000, 0x0000000100000000, 0x0000000100000000)
  eden space 464384K, 0% used [0x00000000d5580000,0x00000000d5580000,0x00000000f1b00000)
  from space 92672K, 99% used [0x00000000f8880000,0x00000000fe2f8e98,0x00000000fe300000)
  to   space 112128K, 0% used [0x00000000f1b00000,0x00000000f1b00000,0x00000000f8880000)
 ParOldGen       total 406016K, used 96559K [0x0000000080000000, 0x0000000098c80000, 0x00000000d5580000)
  object space 406016K, 23% used [0x0000000080000000,0x0000000085e4bcf0,0x0000000098c80000)
 Metaspace       used 158134K, capacity 166772K, committed 170408K, reserved 1198080K
  class space    used 19661K, capacity 21312K, committed 22184K, reserved 1048576K
}
Event: 8136.900 GC heap before
{Heap before GC invocations=26 (full 5):
 PSYoungGen      total 557056K, used 557027K [0x00000000d5580000, 0x0000000100000000, 0x0000000100000000)
  eden space 464384K, 100% used [0x00000000d5580000,0x00000000f1b00000,0x00000000f1b00000)
  from space 92672K, 99% used [0x00000000f8880000,0x00000000fe2f8e98,0x00000000fe300000)
  to   space 112128K, 0% used [0x00000000f1b00000,0x00000000f1b00000,0x00000000f8880000)
 ParOldGen       total 406016K, used 96559K [0x0000000080000000, 0x0000000098c80000, 0x00000000d5580000)
  object space 406016K, 23% used [0x0000000080000000,0x0000000085e4bcf0,0x0000000098c80000)
 Metaspace       used 158653K, capacity 167964K, committed 170664K, reserved 1198080K
  class space    used 19747K, capacity 21468K, committed 22184K, reserved 1048576K
Event: 8136.952 GC heap after
Heap after GC invocations=26 (full 5):
 PSYoungGen      total 576512K, used 61469K [0x00000000d5580000, 0x0000000100000000, 0x0000000100000000)
  eden space 464384K, 0% used [0x00000000d5580000,0x00000000d5580000,0x00000000f1b00000)
  from space 112128K, 54% used [0x00000000f1b00000,0x00000000f5707610,0x00000000f8880000)
  to   space 111104K, 0% used [0x00000000f9380000,0x00000000f9380000,0x0000000100000000)
 ParOldGen       total 406016K, used 96567K [0x0000000080000000, 0x0000000098c80000, 0x00000000d5580000)
  object space 406016K, 23% used [0x0000000080000000,0x0000000085e4dcf0,0x0000000098c80000)
 Metaspace       used 158653K, capacity 167964K, committed 170664K, reserved 1198080K
  class space    used 19747K, capacity 21468K, committed 22184K, reserved 1048576K
}
Event: 8210.919 GC heap before
{Heap before GC invocations=27 (full 5):
 PSYoungGen      total 576512K, used 525853K [0x00000000d5580000, 0x0000000100000000, 0x0000000100000000)
  eden space 464384K, 100% used [0x00000000d5580000,0x00000000f1b00000,0x00000000f1b00000)
  from space 112128K, 54% used [0x00000000f1b00000,0x00000000f5707610,0x00000000f8880000)
  to   space 111104K, 0% used [0x00000000f9380000,0x00000000f9380000,0x0000000100000000)
 ParOldGen       total 406016K, used 96567K [0x0000000080000000, 0x0000000098c80000, 0x00000000d5580000)
  object space 406016K, 23% used [0x0000000080000000,0x0000000085e4dcf0,0x0000000098c80000)
 Metaspace       used 165382K, capacity 174980K, committed 177576K, reserved 1204224K
  class space    used 20501K, capacity 22268K, committed 22952K, reserved 1048576K
Event: 8210.965 GC heap after
Heap after GC invocations=27 (full 5):
 PSYoungGen      total 584704K, used 67867K [0x00000000d5580000, 0x0000000100000000, 0x0000000100000000)
  eden space 473600K, 0% used [0x00000000d5580000,0x00000000d5580000,0x00000000f2400000)
  from space 111104K, 61% used [0x00000000f9380000,0x00000000fd5c6c30,0x0000000100000000)
  to   space 112640K, 0% used [0x00000000f2400000,0x00000000f2400000,0x00000000f9200000)
 ParOldGen       total 406016K, used 96575K [0x0000000080000000, 0x0000000098c80000, 0x00000000d5580000)
  object space 406016K, 23% used [0x0000000080000000,0x0000000085e4fcf0,0x0000000098c80000)
 Metaspace       used 165382K, capacity 174980K, committed 177576K, reserved 1204224K
  class space    used 20501K, capacity 22268K, committed 22952K, reserved 1048576K
}
Event: 8261.421 GC heap before
{Heap before GC invocations=28 (full 5):
 PSYoungGen      total 584704K, used 541467K [0x00000000d5580000, 0x0000000100000000, 0x0000000100000000)
  eden space 473600K, 100% used [0x00000000d5580000,0x00000000f2400000,0x00000000f2400000)
  from space 111104K, 61% used [0x00000000f9380000,0x00000000fd5c6c30,0x0000000100000000)
  to   space 112640K, 0% used [0x00000000f2400000,0x00000000f2400000,0x00000000f9200000)
 ParOldGen       total 406016K, used 96575K [0x0000000080000000, 0x0000000098c80000, 0x00000000d5580000)
  object space 406016K, 23% used [0x0000000080000000,0x0000000085e4fcf0,0x0000000098c80000)
 Metaspace       used 172112K, capacity 181674K, committed 183976K, reserved 1210368K
  class space    used 21237K, capacity 23035K, committed 23720K, reserved 1048576K

Deoptimization events (10 events):
Event: 8212.118 Thread 0x000000005b8d7000 Uncommon trap: reason=array_check action=maybe_recompile pc=0x000000000ce6043c method=java.util.ComparableTimSort.mergeHi(IIII)V @ 521
Event: 8212.429 Thread 0x000000005b8d7000 Uncommon trap: reason=unstable_if action=reinterpret pc=0x000000000ce5cc34 method=com.google.gson.stream.JsonReader.nextNonWhitespace(Z)I @ 61
Event: 8212.924 Thread 0x000000005b8d7000 Uncommon trap: reason=unstable_if action=reinterpret pc=0x000000000d0dad24 method=android.databinding.tool.reflection.SdkUtil$ApiChecker.buildFullLookup()V @ 49
Event: 8213.237 Thread 0x00000000661fb800 Uncommon trap: reason=unstable_if action=reinterpret pc=0x0000000009da11a0 method=com.android.tools.r8.s.a.a.b.t0.b(I[Ljava/lang/Object;)Lcom/android/tools/r8/s/a/a/b/t0; @ 179
Event: 8213.281 Thread 0x000000005b8d7000 Uncommon trap: reason=class_check action=maybe_recompile pc=0x000000000caa79b8 method=com.google.common.collect.Maps$TransformedEntriesMap.<init>(Ljava/util/Map;Lcom/google/common/collect/Maps$EntryTransformer;)V @ 20
Event: 8213.281 Thread 0x000000005b8d7000 Uncommon trap: reason=class_check action=maybe_recompile pc=0x000000000caa79b8 method=com.google.common.collect.Maps$TransformedEntriesMap.<init>(Ljava/util/Map;Lcom/google/common/collect/Maps$EntryTransformer;)V @ 20
Event: 8213.312 Thread 0x0000000063497000 Uncommon trap: reason=unstable_if action=reinterpret pc=0x0000000007deb8a0 method=java.util.concurrent.ForkJoinPool.scan(Ljava/util/concurrent/ForkJoinPool$WorkQueue;I)Ljava/util/concurrent/ForkJoinTask; @ 282
Event: 8213.365 Thread 0x000000005b8d7000 Uncommon trap: reason=class_check action=maybe_recompile pc=0x000000000caa79b8 method=com.google.common.collect.Maps$TransformedEntriesMap.<init>(Ljava/util/Map;Lcom/google/common/collect/Maps$EntryTransformer;)V @ 20
Event: 8213.365 Thread 0x000000005b8d7000 Uncommon trap: reason=class_check action=maybe_recompile pc=0x000000000caa79b8 method=com.google.common.collect.Maps$TransformedEntriesMap.<init>(Ljava/util/Map;Lcom/google/common/collect/Maps$EntryTransformer;)V @ 20
Event: 8261.391 Thread 0x000000005b8d7000 Uncommon trap: reason=unstable_if action=reinterpret pc=0x0000000009fa7cd0 method=java.util.concurrent.locks.AbstractQueuedSynchronizer.enq(Ljava/util/concurrent/locks/AbstractQueuedSynchronizer$Node;)Ljava/util/concurrent/locks/AbstractQueuedSynchronizer

Classes redefined (0 events):
No events

Internal exceptions (10 events):
Event: 8212.156 Thread 0x000000005b8d7000 Exception <a 'java/security/PrivilegedActionException'> (0x00000000dbe33f98) thrown at [C:\src\AOSP-openjdk-git\hotspot\src\share\vm\prims\jvm.cpp, line 1502]
Event: 8212.157 Thread 0x000000005b8d7000 Exception <a 'java/security/PrivilegedActionException'> (0x00000000dbe34b30) thrown at [C:\src\AOSP-openjdk-git\hotspot\src\share\vm\prims\jvm.cpp, line 1502]
Event: 8212.478 Thread 0x000000005b8d7000 Exception <a 'java/lang/NullPointerException'> (0x00000000e0a62018) thrown at [C:\src\AOSP-openjdk-git\hotspot\src\share\vm\interpreter\linkResolver.cpp, line 1287]
Event: 8213.232 Thread 0x00000000661fb800 Exception <a 'sun/nio/fs/WindowsException'> (0x00000000ec53e978) thrown at [C:\src\AOSP-openjdk-git\hotspot\src\share\vm\prims\jni.cpp, line 710]
Event: 8213.262 Thread 0x00000000661fb800 Exception <a 'sun/nio/fs/WindowsException'> (0x00000000ec86adb0) thrown at [C:\src\AOSP-openjdk-git\hotspot\src\share\vm\prims\jni.cpp, line 710]
Event: 8213.263 Thread 0x00000000661fb800 Exception <a 'sun/nio/fs/WindowsException'> (0x00000000ec871e90) thrown at [C:\src\AOSP-openjdk-git\hotspot\src\share\vm\prims\jni.cpp, line 710]
Event: 8213.295 Thread 0x000000005ff8c000 Exception <a 'sun/nio/fs/WindowsException'> (0x00000000ecb78ae8) thrown at [C:\src\AOSP-openjdk-git\hotspot\src\share\vm\prims\jni.cpp, line 710]
Event: 8213.355 Thread 0x000000005be2d000 Exception <a 'sun/nio/fs/WindowsException'> (0x00000000edd3b580) thrown at [C:\src\AOSP-openjdk-git\hotspot\src\share\vm\prims\jni.cpp, line 710]
Event: 8213.464 Thread 0x000000005d1dc000 Exception <a 'sun/nio/fs/WindowsException'> (0x00000000ee3e3a60) thrown at [C:\src\AOSP-openjdk-git\hotspot\src\share\vm\prims\jni.cpp, line 710]
Event: 8261.167 Thread 0x000000005d1dc000 Exception <a 'sun/nio/fs/WindowsException'> (0x00000000ef30f0d0) thrown at [C:\src\AOSP-openjdk-git\hotspot\src\share\vm\prims\jni.cpp, line 710]

Events (10 events):
Event: 8261.358 Executing VM operation: RevokeBias
Event: 8261.359 Executing VM operation: RevokeBias done
Event: 8261.391 Thread 0x000000005b8d7000 Uncommon trap: trap_request=0xffffff65 fr.pc=0x0000000009fa7cd0
Event: 8261.391 Thread 0x000000005b8d7000 DEOPT PACKING pc=0x0000000009fa7cd0 sp=0x0000000068e1eef0
Event: 8261.391 Thread 0x000000005b8d7000 DEOPT UNPACKING pc=0x0000000007b8557b sp=0x0000000068e1ee20 mode 2
Event: 8261.398 Executing VM operation: RevokeBias
Event: 8261.398 Executing VM operation: RevokeBias done
Event: 8261.411 Executing VM operation: RevokeBias
Event: 8261.412 Executing VM operation: RevokeBias done
Event: 8261.420 Executing VM operation: ParallelGCFailedAllocation


Dynamic libraries:
0x000000013f570000 - 0x000000013f5a1000 	D:\android\android-studio\jre\bin\java.exe
0x0000000077a90000 - 0x0000000077c2f000 	C:\Windows\SYSTEM32\ntdll.dll
0x0000000077870000 - 0x000000007798f000 	C:\Windows\system32\kernel32.dll
0x000007fefd640000 - 0x000007fefd6a7000 	C:\Windows\system32\KERNELBASE.dll
0x000007fefefc0000 - 0x000007feff09b000 	C:\Windows\system32\ADVAPI32.dll
0x000007feff920000 - 0x000007feff9bf000 	C:\Windows\system32\msvcrt.dll
0x000007feff9c0000 - 0x000007feff9df000 	C:\Windows\SYSTEM32\sechost.dll
0x000007feff7a0000 - 0x000007feff8cc000 	C:\Windows\system32\RPCRT4.dll
0x0000000077990000 - 0x0000000077a8b000 	C:\Windows\system32\USER32.dll
0x000007fefeaa0000 - 0x000007fefeb07000 	C:\Windows\system32\GDI32.dll
0x000007feff0a0000 - 0x000007feff0ae000 	C:\Windows\system32\LPK.dll
0x000007feffcb0000 - 0x000007feffd7b000 	C:\Windows\system32\USP10.dll
0x000007fefb930000 - 0x000007fefbb25000 	C:\Windows\WinSxS\amd64_microsoft.windows.common-controls_6595b64144ccf1df_6.0.7601.24483_none_e372d88f30fbb845\COMCTL32.dll
0x000007feffbb0000 - 0x000007feffc21000 	C:\Windows\system32\SHLWAPI.dll
0x000007feff9e0000 - 0x000007feffa0e000 	C:\Windows\system32\IMM32.DLL
0x000007fefe990000 - 0x000007fefea9b000 	C:\Windows\system32\MSCTF.dll
0x00000000684b0000 - 0x0000000068582000 	D:\android\android-studio\jre\jre\bin\msvcr100.dll
0x00000000072f0000 - 0x0000000007b3b000 	D:\android\android-studio\jre\jre\bin\server\jvm.dll
0x000007fee8810000 - 0x000007fee8819000 	C:\Windows\system32\WSOCK32.dll
0x000007feff8d0000 - 0x000007feff91d000 	C:\Windows\system32\WS2_32.dll
0x000007feffba0000 - 0x000007feffba8000 	C:\Windows\system32\NSI.dll
0x000007fefa060000 - 0x000007fefa09b000 	C:\Windows\system32\WINMM.dll
0x000007fefc800000 - 0x000007fefc80c000 	C:\Windows\system32\VERSION.dll
0x0000000077c30000 - 0x0000000077c37000 	C:\Windows\system32\PSAPI.DLL
0x000007feede40000 - 0x000007feede4f000 	D:\android\android-studio\jre\jre\bin\verify.dll
0x000007feede10000 - 0x000007feede39000 	D:\android\android-studio\jre\jre\bin\java.dll
0x000007feeddf0000 - 0x000007feede06000 	D:\android\android-studio\jre\jre\bin\zip.dll
0x000007fefd9a0000 - 0x000007fefe72b000 	C:\Windows\system32\SHELL32.dll
0x000007fefe730000 - 0x000007fefe92f000 	C:\Windows\system32\ole32.dll
0x000007fefd5e0000 - 0x000007fefd5ef000 	C:\Windows\system32\profapi.dll
0x000007feeb0a0000 - 0x000007feeb0ba000 	D:\android\android-studio\jre\jre\bin\net.dll
0x000007fefcc40000 - 0x000007fefcc95000 	C:\Windows\system32\mswsock.dll
0x000007fefcee0000 - 0x000007fefcee7000 	C:\Windows\System32\wship6.dll
0x000007feeab60000 - 0x000007feeab73000 	D:\android\android-studio\jre\jre\bin\nio.dll
0x000007feef1b0000 - 0x000007feef1d6000 	C:\Users\User\.gradle\native\31\windows-amd64\native-platform.dll
0x000007fefc840000 - 0x000007fefc843000 	C:\Windows\system32\api-ms-win-core-synch-l1-2-0.DLL
0x000007feeb130000 - 0x000007feeb13d000 	D:\android\android-studio\jre\jre\bin\management.dll
0x000007fefcd50000 - 0x000007fefcd68000 	C:\Windows\system32\CRYPTSP.dll
0x000007fefca40000 - 0x000007fefca87000 	C:\Windows\system32\rsaenh.dll
0x000007fefd620000 - 0x000007fefd63f000 	C:\Windows\system32\USERENV.dll
0x000007fefd480000 - 0x000007fefd48f000 	C:\Windows\system32\CRYPTBASE.dll
0x000007fefc5a0000 - 0x000007fefc5c7000 	C:\Windows\system32\IPHLPAPI.DLL
0x000007fefc590000 - 0x000007fefc59b000 	C:\Windows\system32\WINNSI.DLL
0x000007fef9b50000 - 0x000007fef9b61000 	C:\Windows\system32\dhcpcsvc6.DLL
0x000007fef9a50000 - 0x000007fef9a68000 	C:\Windows\system32\dhcpcsvc.DLL
0x000007fefd420000 - 0x000007fefd477000 	C:\Windows\system32\apphelp.dll
0x000007fee85d0000 - 0x000007fee85f4000 	D:\android\android-studio\jre\jre\bin\sunec.dll
0x000007fefc1b0000 - 0x000007fefc1b7000 	C:\Windows\System32\wshtcpip.dll
0x000007fefcad0000 - 0x000007fefcb2b000 	C:\Windows\system32\DNSAPI.dll
0x000007fef8440000 - 0x000007fef8448000 	C:\Windows\system32\rasadhlp.dll
0x000007fef9c00000 - 0x000007fef9c53000 	C:\Windows\System32\fwpuclnt.dll
0x000007feeaab0000 - 0x000007feeaabb000 	D:\android\android-studio\jre\jre\bin\sunmscapi.dll
0x000007fefd6f0000 - 0x000007fefd85d000 	C:\Windows\system32\CRYPT32.dll
0x000007fefd5f0000 - 0x000007fefd5ff000 	C:\Windows\system32\MSASN1.dll
0x000007feeedc0000 - 0x000007feeeee5000 	C:\Windows\system32\dbghelp.dll

VM Arguments:
jvm_args: -Xmx2048m -Dfile.encoding=windows-1252 -Duser.country=US -Duser.language=en -Duser.variant 
java_command: org.gradle.launcher.daemon.bootstrap.GradleDaemon 6.1.1
java_class_path (initial): C:\Users\User\.gradle\wrapper\dists\gradle-6.1.1-all\cfmwm155h49vnt3hynmlrsdst\gradle-6.1.1\lib\gradle-launcher-6.1.1.jar
Launcher Type: SUN_STANDARD

Environment Variables:
PATH=C:\Program Files (x86)\Common Files\Oracle\Java\javapath;C:\Windows\system32;C:\Windows;C:\Windows\System32\Wbem;C:\Windows\System32\WindowsPowerShell\v1.0\;C:\Program Files (x86)\NVIDIA Corporation\PhysX\Common;C:\Program Files\NVIDIA Corporation\NVIDIA NvDLISR;C:\Users\Master\AppData\Roaming\nvm;C:\Program Files\nodejs;C:\Program Files (x86)\NVIDIA Corporation\PhysX\Common;C:\Windows\system32;C:\Windows;C:\Windows\System32\Wbem;C:\Windows\System32\WindowsPowerShell\v1.0\;C:\Users\User\AppData\Local\atom\bin;C:\Users\User\AppData\Local\Programs\Microsoft VS Code\bin;C:\Users\User\AppData\Local\Programs\Git\cmd;C:\Users\User\AppData\Local\Programs\Git\mingw64\bin;C:\Users\User\AppData\Local\Programs\Git\usr\bin;C:\Users\User\AppData\Local\Programs\Git LFS;C:\Users\User\AppData\Local\Programs\Git LFS
USERNAME=User
OS=Windows_NT
PROCESSOR_IDENTIFIER=AMD64 Family 21 Model 2 Stepping 0, AuthenticAMD



---------------  S Y S T E M  ---------------

OS: Windows 7 , 64 bit Build 7601 (6.1.7601.24545)

CPU:total 8 (initial active 8) (8 cores per cpu, 1 threads per core) family 21 model 2 stepping 0, cmov, cx8, fxsr, mmx, sse, sse2, sse3, ssse3, sse4.1, sse4.2, popcnt, avx, aes, clmul, mmxext, 3dnowpref, lzcnt, sse4a, tsc, tscinvbit, tscinv, bmi1

Memory: 4k page, physical 16738364k(1716500k free), swap 33474828k(14804560k free)

vm_info: OpenJDK 64-Bit Server VM (25.242-b01) for windows-amd64 JRE (1.8.0_242-release-1644-b01), built by "builder" with MS VC++ 10.0 (VS2010)

time: Mon Sep 21 17:46:34 2020
timezone: China Standard Time
elapsed time: 8261 seconds (0d 2h 17m 41s)

